2013-08-27 08:30:59.767 ChariotMedia[70494:c07] Multi-tasking -> Device: YES, App: YES
2013-08-27 08:30:59.791 ChariotMedia[70494:c07] [CDVTimer][splashscreen] 10.535002ms
2013-08-27 08:30:59.791 ChariotMedia[70494:c07] [CDVTimer][TotalPluginStartup] 11.240005ms
2013-08-27 08:30:59.834 ChariotMedia[70494:c07] Resetting plugins due to page load.
2013-08-27 08:30:59.917 ChariotMedia[70494:c07] Finished load of: file:///Users/kenrimple/Library/Application%20Support/iPhone%20Simulator/6.1/Applications/53576DB7-BEE5-4E72-A1CE-F77F2D00391A/ChariotMedia.app/www/index.html
Terminating in response to SpringBoard's termination.
2013-08-27 08:41:29.898 ChariotMedia[71333:c07] Multi-tasking -> Device: YES, App: YES
2013-08-27 08:41:30.190 ChariotMedia[71333:c07] [CDVTimer][splashscreen] 68.355978ms
2013-08-27 08:41:30.191 ChariotMedia[71333:c07] [CDVTimer][TotalPluginStartup] 68.949997ms
2013-08-27 08:41:30.246 ChariotMedia[71333:c07] Resetting plugins due to page load.
2013-08-27 08:41:30.351 ChariotMedia[71333:c07] Finished load of: file:///Users/kenrimple/Library/Application%20Support/iPhone%20Simulator/6.1/Applications/53576DB7-BEE5-4E72-A1CE-F77F2D00391A/ChariotMedia.app/www/index.html
2013-08-27 08:42:05.863 ChariotMedia[71991:c07] Multi-tasking -> Device: YES, App: YES
2013-08-27 08:42:05.884 ChariotMedia[71991:c07] [CDVTimer][splashscreen] 6.965995ms
2013-08-27 08:42:05.884 ChariotMedia[71991:c07] [CDVTimer][TotalPluginStartup] 7.453024ms
2013-08-27 08:42:05.918 ChariotMedia[71991:c07] Resetting plugins due to page load.
2013-08-27 08:42:05.970 ChariotMedia[71991:c07] Finished load of: file:///Users/kenrimple/Library/Application%20Support/iPhone%20Simulator/6.1/Applications/53576DB7-BEE5-4E72-A1CE-F77F2D00391A/ChariotMedia.app/www/index.html
2013-08-27 08:42:58.500 ChariotMedia[72565:c07] Multi-tasking -> Device: YES, App: YES
2013-08-27 08:42:58.521 ChariotMedia[72565:c07] [CDVTimer][splashscreen] 6.770015ms
2013-08-27 08:42:58.521 ChariotMedia[72565:c07] [CDVTimer][TotalPluginStartup] 7.266998ms
2013-08-27 08:42:58.558 ChariotMedia[72565:c07] Resetting plugins due to page load.
2013-08-27 08:42:58.611 ChariotMedia[72565:c07] Finished load of: file:///Users/kenrimple/Library/Application%20Support/iPhone%20Simulator/6.1/Applications/53576DB7-BEE5-4E72-A1CE-F77F2D00391A/ChariotMedia.app/www/index.html
Terminating in response to SpringBoard's termination.
2013-08-27 08:53:29.962 ChariotMedia[74375:c07] Multi-tasking -> Device: YES, App: YES
2013-08-27 08:53:30.450 ChariotMedia[74375:c07] [CDVTimer][splashscreen] 93.133986ms
2013-08-27 08:53:30.451 ChariotMedia[74375:c07] [CDVTimer][TotalPluginStartup] 93.774021ms
2013-08-27 08:53:30.506 ChariotMedia[74375:c07] Resetting plugins due to page load.
2013-08-27 08:53:30.745 ChariotMedia[74375:c07] Finished load of: file:///Users/kenrimple/Library/Application%20Support/iPhone%20Simulator/6.1/Applications/53576DB7-BEE5-4E72-A1CE-F77F2D00391A/ChariotMedia.app/www/index.html#/home
Terminating in response to SpringBoard's termination.
